{"C:\\Users\\vilhe\\Documents\\GitHub\\culinary-recipes\\frontend\\app\\src\\constants\\recipesSeed.ts": {"path":"C:\\Users\\vilhe\\Documents\\GitHub\\culinary-recipes\\frontend\\app\\src\\constants\\recipesSeed.ts","statementMap":{"0":{"start":{"line":7,"column":46},"end":{"line":207,"column":1}}},"fnMap":{},"branchMap":{},"s":{"0":1},"f":{},"b":{},"_coverageSchema":"1a1c01bbd47fc00a2c39e90264f33305004495a9","hash":"32aa13bd09012f5cf008f73673bd2becc30be56a"}
,"C:\\Users\\vilhe\\Documents\\GitHub\\culinary-recipes\\frontend\\app\\src\\services\\auth.service.ts": {"path":"C:\\Users\\vilhe\\Documents\\GitHub\\culinary-recipes\\frontend\\app\\src\\services\\auth.service.ts","statementMap":{"0":{"start":{"line":7,"column":20},"end":{"line":7,"column":38}},"1":{"start":{"line":17,"column":2},"end":{"line":17,"column":81}},"2":{"start":{"line":20,"column":27},"end":{"line":101,"column":1}},"3":{"start":{"line":22,"column":15},"end":{"line":22,"column":34}},"4":{"start":{"line":24,"column":21},"end":{"line":26,"column":6}},"5":{"start":{"line":27,"column":4},"end":{"line":27,"column":64}},"6":{"start":{"line":27,"column":18},"end":{"line":27,"column":64}},"7":{"start":{"line":29,"column":27},"end":{"line":29,"column":55}},"8":{"start":{"line":30,"column":15},"end":{"line":30,"column":34}},"9":{"start":{"line":31,"column":16},"end":{"line":31,"column":40}},"10":{"start":{"line":33,"column":4},"end":{"line":36,"column":6}},"11":{"start":{"line":38,"column":4},"end":{"line":60,"column":7}},"12":{"start":{"line":39,"column":6},"end":{"line":59,"column":7}},"13":{"start":{"line":40,"column":25},"end":{"line":40,"column":44}},"14":{"start":{"line":41,"column":8},"end":{"line":58,"column":10}},"15":{"start":{"line":62,"column":4},"end":{"line":62,"column":45}},"16":{"start":{"line":66,"column":15},"end":{"line":66,"column":34}},"17":{"start":{"line":68,"column":17},"end":{"line":71,"column":5}},"18":{"start":{"line":72,"column":4},"end":{"line":72,"column":60}},"19":{"start":{"line":72,"column":15},"end":{"line":72,"column":60}},"20":{"start":{"line":74,"column":27},"end":{"line":74,"column":55}},"21":{"start":{"line":75,"column":4},"end":{"line":75,"column":87}},"22":{"start":{"line":75,"column":42},"end":{"line":75,"column":87}},"23":{"start":{"line":77,"column":4},"end":{"line":77,"column":57}},"24":{"start":{"line":78,"column":4},"end":{"line":78,"column":63}},"25":{"start":{"line":82,"column":19},"end":{"line":82,"column":62}},"26":{"start":{"line":83,"column":4},"end":{"line":83,"column":53}},"27":{"start":{"line":83,"column":17},"end":{"line":83,"column":53}},"28":{"start":{"line":85,"column":15},"end":{"line":85,"column":34}},"29":{"start":{"line":86,"column":17},"end":{"line":88,"column":6}},"30":{"start":{"line":89,"column":4},"end":{"line":89,"column":58}},"31":{"start":{"line":89,"column":15},"end":{"line":89,"column":58}},"32":{"start":{"line":91,"column":4},"end":{"line":91,"column":63}},"33":{"start":{"line":95,"column":4},"end":{"line":95,"column":51}},"34":{"start":{"line":99,"column":4},"end":{"line":99,"column":49}}},"fnMap":{"0":{"name":"hashPassword","decl":{"start":{"line":16,"column":15},"end":{"line":16,"column":27}},"loc":{"start":{"line":16,"column":63},"end":{"line":18,"column":1}},"line":16},"1":{"name":"(anonymous_1)","decl":{"start":{"line":21,"column":2},"end":{"line":21,"column":3}},"loc":{"start":{"line":21,"column":84},"end":{"line":63,"column":3}},"line":21},"2":{"name":"(anonymous_2)","decl":{"start":{"line":38,"column":34},"end":{"line":38,"column":35}},"loc":{"start":{"line":38,"column":46},"end":{"line":60,"column":5}},"line":38},"3":{"name":"(anonymous_3)","decl":{"start":{"line":65,"column":2},"end":{"line":65,"column":3}},"loc":{"start":{"line":65,"column":66},"end":{"line":79,"column":3}},"line":65},"4":{"name":"(anonymous_4)","decl":{"start":{"line":81,"column":2},"end":{"line":81,"column":3}},"loc":{"start":{"line":81,"column":32},"end":{"line":92,"column":3}},"line":81},"5":{"name":"(anonymous_5)","decl":{"start":{"line":94,"column":2},"end":{"line":94,"column":3}},"loc":{"start":{"line":94,"column":32},"end":{"line":96,"column":3}},"line":94},"6":{"name":"(anonymous_6)","decl":{"start":{"line":98,"column":2},"end":{"line":98,"column":3}},"loc":{"start":{"line":98,"column":50},"end":{"line":100,"column":3}},"line":98}},"branchMap":{"0":{"loc":{"start":{"line":27,"column":4},"end":{"line":27,"column":64}},"type":"if","locations":[{"start":{"line":27,"column":4},"end":{"line":27,"column":64}},{"start":{},"end":{}}],"line":27},"1":{"loc":{"start":{"line":35,"column":34},"end":{"line":35,"column":46}},"type":"binary-expr","locations":[{"start":{"line":35,"column":34},"end":{"line":35,"column":38}},{"start":{"line":35,"column":42},"end":{"line":35,"column":46}}],"line":35},"2":{"loc":{"start":{"line":49,"column":12},"end":{"line":49,"column":37}},"type":"binary-expr","locations":[{"start":{"line":49,"column":12},"end":{"line":49,"column":29}},{"start":{"line":49,"column":33},"end":{"line":49,"column":37}}],"line":49},"3":{"loc":{"start":{"line":50,"column":12},"end":{"line":50,"column":31}},"type":"binary-expr","locations":[{"start":{"line":50,"column":12},"end":{"line":50,"column":23}},{"start":{"line":50,"column":27},"end":{"line":50,"column":31}}],"line":50},"4":{"loc":{"start":{"line":51,"column":12},"end":{"line":51,"column":49}},"type":"binary-expr","locations":[{"start":{"line":51,"column":12},"end":{"line":51,"column":41}},{"start":{"line":51,"column":45},"end":{"line":51,"column":49}}],"line":51},"5":{"loc":{"start":{"line":52,"column":12},"end":{"line":52,"column":35}},"type":"binary-expr","locations":[{"start":{"line":52,"column":12},"end":{"line":52,"column":27}},{"start":{"line":52,"column":31},"end":{"line":52,"column":35}}],"line":52},"6":{"loc":{"start":{"line":54,"column":12},"end":{"line":54,"column":38}},"type":"binary-expr","locations":[{"start":{"line":54,"column":12},"end":{"line":54,"column":30}},{"start":{"line":54,"column":34},"end":{"line":54,"column":38}}],"line":54},"7":{"loc":{"start":{"line":62,"column":30},"end":{"line":62,"column":42}},"type":"binary-expr","locations":[{"start":{"line":62,"column":30},"end":{"line":62,"column":34}},{"start":{"line":62,"column":38},"end":{"line":62,"column":42}}],"line":62},"8":{"loc":{"start":{"line":72,"column":4},"end":{"line":72,"column":60}},"type":"if","locations":[{"start":{"line":72,"column":4},"end":{"line":72,"column":60}},{"start":{},"end":{}}],"line":72},"9":{"loc":{"start":{"line":75,"column":4},"end":{"line":75,"column":87}},"type":"if","locations":[{"start":{"line":75,"column":4},"end":{"line":75,"column":87}},{"start":{},"end":{}}],"line":75},"10":{"loc":{"start":{"line":83,"column":4},"end":{"line":83,"column":53}},"type":"if","locations":[{"start":{"line":83,"column":4},"end":{"line":83,"column":53}},{"start":{},"end":{}}],"line":83},"11":{"loc":{"start":{"line":89,"column":4},"end":{"line":89,"column":58}},"type":"if","locations":[{"start":{"line":89,"column":4},"end":{"line":89,"column":58}},{"start":{},"end":{}}],"line":89}},"s":{"0":1,"1":4,"2":1,"3":3,"4":3,"5":3,"6":1,"7":2,"8":2,"9":2,"10":2,"11":2,"12":2,"13":40,"14":40,"15":2,"16":3,"17":3,"18":3,"19":1,"20":2,"21":2,"22":1,"23":1,"24":1,"25":3,"26":3,"27":1,"28":2,"29":2,"30":2,"31":1,"32":1,"33":1,"34":1},"f":{"0":4,"1":3,"2":2,"3":3,"4":3,"5":1,"6":1},"b":{"0":[1,2],"1":[2,1],"2":[40,0],"3":[40,0],"4":[40,0],"5":[40,0],"6":[40,0],"7":[2,1],"8":[1,2],"9":[1,1],"10":[1,2],"11":[1,1]},"_coverageSchema":"1a1c01bbd47fc00a2c39e90264f33305004495a9","hash":"9df71ffd84aa3e543fa0964a0b7efbbaebc6762f"}
,"C:\\Users\\vilhe\\Documents\\GitHub\\culinary-recipes\\frontend\\app\\src\\services\\recipe.service.ts": {"path":"C:\\Users\\vilhe\\Documents\\GitHub\\culinary-recipes\\frontend\\app\\src\\services\\recipe.service.ts","statementMap":{"0":{"start":{"line":26,"column":2},"end":{"line":37,"column":4}},"1":{"start":{"line":41,"column":13},"end":{"line":41,"column":32}},"2":{"start":{"line":42,"column":14},"end":{"line":42,"column":91}},"3":{"start":{"line":43,"column":2},"end":{"line":43,"column":55}},"4":{"start":{"line":43,"column":12},"end":{"line":43,"column":55}},"5":{"start":{"line":44,"column":2},"end":{"line":44,"column":26}},"6":{"start":{"line":47,"column":29},"end":{"line":159,"column":1}},"7":{"start":{"line":49,"column":19},"end":{"line":49,"column":54}},"8":{"start":{"line":50,"column":4},"end":{"line":50,"column":53}},"9":{"start":{"line":50,"column":17},"end":{"line":50,"column":53}},"10":{"start":{"line":52,"column":15},"end":{"line":52,"column":34}},"11":{"start":{"line":53,"column":17},"end":{"line":53,"column":34}},"12":{"start":{"line":54,"column":18},"end":{"line":54,"column":37}},"13":{"start":{"line":55,"column":19},"end":{"line":55,"column":37}},"14":{"start":{"line":57,"column":20},"end":{"line":57,"column":69}},"15":{"start":{"line":58,"column":20},"end":{"line":58,"column":64}},"16":{"start":{"line":60,"column":22},"end":{"line":60,"column":94}},"17":{"start":{"line":61,"column":42},"end":{"line":61,"column":96}},"18":{"start":{"line":63,"column":21},"end":{"line":66,"column":5}},"19":{"start":{"line":67,"column":18},"end":{"line":67,"column":38}},"20":{"start":{"line":69,"column":17},"end":{"line":72,"column":5}},"21":{"start":{"line":74,"column":4},"end":{"line":80,"column":6}},"22":{"start":{"line":84,"column":4},"end":{"line":84,"column":31}},"23":{"start":{"line":88,"column":19},"end":{"line":88,"column":54}},"24":{"start":{"line":89,"column":4},"end":{"line":89,"column":53}},"25":{"start":{"line":89,"column":17},"end":{"line":89,"column":53}},"26":{"start":{"line":91,"column":15},"end":{"line":91,"column":34}},"27":{"start":{"line":92,"column":15},"end":{"line":92,"column":34}},"28":{"start":{"line":93,"column":16},"end":{"line":93,"column":40}},"29":{"start":{"line":95,"column":4},"end":{"line":112,"column":6}},"30":{"start":{"line":114,"column":4},"end":{"line":114,"column":31}},"31":{"start":{"line":118,"column":15},"end":{"line":118,"column":34}},"32":{"start":{"line":119,"column":16},"end":{"line":119,"column":40}},"33":{"start":{"line":121,"column":29},"end":{"line":121,"column":47}},"34":{"start":{"line":122,"column":45},"end":{"line":122,"column":50}},"35":{"start":{"line":124,"column":4},"end":{"line":127,"column":5}},"36":{"start":{"line":125,"column":6},"end":{"line":125,"column":30}},"37":{"start":{"line":126,"column":6},"end":{"line":126,"column":38}},"38":{"start":{"line":128,"column":4},"end":{"line":131,"column":5}},"39":{"start":{"line":129,"column":6},"end":{"line":129,"column":37}},"40":{"start":{"line":130,"column":6},"end":{"line":130,"column":44}},"41":{"start":{"line":132,"column":4},"end":{"line":135,"column":5}},"42":{"start":{"line":133,"column":6},"end":{"line":133,"column":50}},"43":{"start":{"line":134,"column":6},"end":{"line":134,"column":56}},"44":{"start":{"line":136,"column":4},"end":{"line":139,"column":5}},"45":{"start":{"line":137,"column":6},"end":{"line":137,"column":34}},"46":{"start":{"line":138,"column":6},"end":{"line":138,"column":42}},"47":{"start":{"line":140,"column":4},"end":{"line":143,"column":5}},"48":{"start":{"line":141,"column":6},"end":{"line":141,"column":44}},"49":{"start":{"line":142,"column":6},"end":{"line":142,"column":43}},"50":{"start":{"line":144,"column":4},"end":{"line":147,"column":5}},"51":{"start":{"line":145,"column":6},"end":{"line":145,"column":37}},"52":{"start":{"line":146,"column":6},"end":{"line":146,"column":45}},"53":{"start":{"line":149,"column":4},"end":{"line":149,"column":18}},"54":{"start":{"line":150,"column":4},"end":{"line":150,"column":84}},"55":{"start":{"line":152,"column":4},"end":{"line":152,"column":31}},"56":{"start":{"line":156,"column":15},"end":{"line":156,"column":34}},"57":{"start":{"line":157,"column":4},"end":{"line":157,"column":64}}},"fnMap":{"0":{"name":"mapToRecipe","decl":{"start":{"line":25,"column":9},"end":{"line":25,"column":20}},"loc":{"start":{"line":25,"column":43},"end":{"line":38,"column":1}},"line":25},"1":{"name":"fetchRecipeById","decl":{"start":{"line":40,"column":15},"end":{"line":40,"column":30}},"loc":{"start":{"line":40,"column":60},"end":{"line":45,"column":1}},"line":40},"2":{"name":"(anonymous_2)","decl":{"start":{"line":48,"column":2},"end":{"line":48,"column":3}},"loc":{"start":{"line":48,"column":81},"end":{"line":81,"column":3}},"line":48},"3":{"name":"(anonymous_3)","decl":{"start":{"line":83,"column":2},"end":{"line":83,"column":3}},"loc":{"start":{"line":83,"column":45},"end":{"line":85,"column":3}},"line":83},"4":{"name":"(anonymous_4)","decl":{"start":{"line":87,"column":2},"end":{"line":87,"column":3}},"loc":{"start":{"line":87,"column":62},"end":{"line":115,"column":3}},"line":87},"5":{"name":"(anonymous_5)","decl":{"start":{"line":117,"column":2},"end":{"line":117,"column":3}},"loc":{"start":{"line":117,"column":74},"end":{"line":153,"column":3}},"line":117},"6":{"name":"(anonymous_6)","decl":{"start":{"line":155,"column":2},"end":{"line":155,"column":3}},"loc":{"start":{"line":155,"column":42},"end":{"line":158,"column":3}},"line":155}},"branchMap":{"0":{"loc":{"start":{"line":43,"column":2},"end":{"line":43,"column":55}},"type":"if","locations":[{"start":{"line":43,"column":2},"end":{"line":43,"column":55}},{"start":{},"end":{}}],"line":43},"1":{"loc":{"start":{"line":50,"column":4},"end":{"line":50,"column":53}},"type":"if","locations":[{"start":{"line":50,"column":4},"end":{"line":50,"column":53}},{"start":{},"end":{}}],"line":50},"2":{"loc":{"start":{"line":53,"column":17},"end":{"line":53,"column":34}},"type":"binary-expr","locations":[{"start":{"line":53,"column":17},"end":{"line":53,"column":29}},{"start":{"line":53,"column":33},"end":{"line":53,"column":34}}],"line":53},"3":{"loc":{"start":{"line":54,"column":18},"end":{"line":54,"column":37}},"type":"binary-expr","locations":[{"start":{"line":54,"column":18},"end":{"line":54,"column":31}},{"start":{"line":54,"column":35},"end":{"line":54,"column":37}}],"line":54},"4":{"loc":{"start":{"line":57,"column":20},"end":{"line":57,"column":69}},"type":"cond-expr","locations":[{"start":{"line":57,"column":48},"end":{"line":57,"column":54}},{"start":{"line":57,"column":57},"end":{"line":57,"column":69}}],"line":57},"5":{"loc":{"start":{"line":58,"column":20},"end":{"line":58,"column":64}},"type":"cond-expr","locations":[{"start":{"line":58,"column":50},"end":{"line":58,"column":55}},{"start":{"line":58,"column":58},"end":{"line":58,"column":64}}],"line":58},"6":{"loc":{"start":{"line":60,"column":22},"end":{"line":60,"column":94}},"type":"cond-expr","locations":[{"start":{"line":60,"column":37},"end":{"line":60,"column":72}},{"start":{"line":60,"column":75},"end":{"line":60,"column":94}}],"line":60},"7":{"loc":{"start":{"line":61,"column":42},"end":{"line":61,"column":96}},"type":"cond-expr","locations":[{"start":{"line":61,"column":57},"end":{"line":61,"column":85}},{"start":{"line":61,"column":88},"end":{"line":61,"column":96}}],"line":61},"8":{"loc":{"start":{"line":67,"column":18},"end":{"line":67,"column":38}},"type":"binary-expr","locations":[{"start":{"line":67,"column":18},"end":{"line":67,"column":33}},{"start":{"line":67,"column":37},"end":{"line":67,"column":38}}],"line":67},"9":{"loc":{"start":{"line":89,"column":4},"end":{"line":89,"column":53}},"type":"if","locations":[{"start":{"line":89,"column":4},"end":{"line":89,"column":53}},{"start":{},"end":{}}],"line":89},"10":{"loc":{"start":{"line":103,"column":8},"end":{"line":103,"column":34}},"type":"binary-expr","locations":[{"start":{"line":103,"column":8},"end":{"line":103,"column":26}},{"start":{"line":103,"column":30},"end":{"line":103,"column":34}}],"line":103},"11":{"loc":{"start":{"line":104,"column":8},"end":{"line":104,"column":28}},"type":"binary-expr","locations":[{"start":{"line":104,"column":8},"end":{"line":104,"column":20}},{"start":{"line":104,"column":24},"end":{"line":104,"column":28}}],"line":104},"12":{"loc":{"start":{"line":105,"column":8},"end":{"line":105,"column":46}},"type":"binary-expr","locations":[{"start":{"line":105,"column":8},"end":{"line":105,"column":38}},{"start":{"line":105,"column":42},"end":{"line":105,"column":46}}],"line":105},"13":{"loc":{"start":{"line":106,"column":8},"end":{"line":106,"column":32}},"type":"binary-expr","locations":[{"start":{"line":106,"column":8},"end":{"line":106,"column":24}},{"start":{"line":106,"column":28},"end":{"line":106,"column":32}}],"line":106},"14":{"loc":{"start":{"line":108,"column":8},"end":{"line":108,"column":35}},"type":"binary-expr","locations":[{"start":{"line":108,"column":8},"end":{"line":108,"column":27}},{"start":{"line":108,"column":31},"end":{"line":108,"column":35}}],"line":108},"15":{"loc":{"start":{"line":124,"column":4},"end":{"line":127,"column":5}},"type":"if","locations":[{"start":{"line":124,"column":4},"end":{"line":127,"column":5}},{"start":{},"end":{}}],"line":124},"16":{"loc":{"start":{"line":126,"column":16},"end":{"line":126,"column":36}},"type":"binary-expr","locations":[{"start":{"line":126,"column":16},"end":{"line":126,"column":28}},{"start":{"line":126,"column":32},"end":{"line":126,"column":36}}],"line":126},"17":{"loc":{"start":{"line":128,"column":4},"end":{"line":131,"column":5}},"type":"if","locations":[{"start":{"line":128,"column":4},"end":{"line":131,"column":5}},{"start":{},"end":{}}],"line":128},"18":{"loc":{"start":{"line":130,"column":16},"end":{"line":130,"column":42}},"type":"binary-expr","locations":[{"start":{"line":130,"column":16},"end":{"line":130,"column":34}},{"start":{"line":130,"column":38},"end":{"line":130,"column":42}}],"line":130},"19":{"loc":{"start":{"line":132,"column":4},"end":{"line":135,"column":5}},"type":"if","locations":[{"start":{"line":132,"column":4},"end":{"line":135,"column":5}},{"start":{},"end":{}}],"line":132},"20":{"loc":{"start":{"line":134,"column":16},"end":{"line":134,"column":54}},"type":"binary-expr","locations":[{"start":{"line":134,"column":16},"end":{"line":134,"column":46}},{"start":{"line":134,"column":50},"end":{"line":134,"column":54}}],"line":134},"21":{"loc":{"start":{"line":136,"column":4},"end":{"line":139,"column":5}},"type":"if","locations":[{"start":{"line":136,"column":4},"end":{"line":139,"column":5}},{"start":{},"end":{}}],"line":136},"22":{"loc":{"start":{"line":138,"column":16},"end":{"line":138,"column":40}},"type":"binary-expr","locations":[{"start":{"line":138,"column":16},"end":{"line":138,"column":32}},{"start":{"line":138,"column":36},"end":{"line":138,"column":40}}],"line":138},"23":{"loc":{"start":{"line":140,"column":4},"end":{"line":143,"column":5}},"type":"if","locations":[{"start":{"line":140,"column":4},"end":{"line":143,"column":5}},{"start":{},"end":{}}],"line":140},"24":{"loc":{"start":{"line":144,"column":4},"end":{"line":147,"column":5}},"type":"if","locations":[{"start":{"line":144,"column":4},"end":{"line":147,"column":5}},{"start":{},"end":{}}],"line":144},"25":{"loc":{"start":{"line":146,"column":16},"end":{"line":146,"column":43}},"type":"binary-expr","locations":[{"start":{"line":146,"column":16},"end":{"line":146,"column":35}},{"start":{"line":146,"column":39},"end":{"line":146,"column":43}}],"line":146}},"s":{"0":4,"1":4,"2":4,"3":4,"4":1,"5":3,"6":1,"7":4,"8":4,"9":1,"10":3,"11":3,"12":3,"13":3,"14":3,"15":3,"16":3,"17":3,"18":3,"19":3,"20":3,"21":3,"22":2,"23":2,"24":2,"25":1,"26":1,"27":1,"28":1,"29":1,"30":1,"31":1,"32":1,"33":1,"34":1,"35":1,"36":1,"37":1,"38":1,"39":0,"40":0,"41":1,"42":0,"43":0,"44":1,"45":0,"46":0,"47":1,"48":0,"49":0,"50":1,"51":0,"52":0,"53":1,"54":1,"55":1,"56":1,"57":1},"f":{"0":4,"1":4,"2":4,"3":2,"4":2,"5":1,"6":1},"b":{"0":[1,3],"1":[1,3],"2":[3,1],"3":[3,1],"4":[0,3],"5":[0,3],"6":[1,2],"7":[1,2],"8":[3,0],"9":[1,1],"10":[1,0],"11":[1,0],"12":[1,1],"13":[1,1],"14":[1,1],"15":[1,0],"16":[1,0],"17":[0,1],"18":[0,0],"19":[0,1],"20":[0,0],"21":[0,1],"22":[0,0],"23":[0,1],"24":[0,1],"25":[0,0]},"_coverageSchema":"1a1c01bbd47fc00a2c39e90264f33305004495a9","hash":"a11132c76e31abc0b33b51c0f6de89d39ae63c21"}
,"C:\\Users\\vilhe\\Documents\\GitHub\\culinary-recipes\\frontend\\app\\src\\store\\auth.store.ts": {"path":"C:\\Users\\vilhe\\Documents\\GitHub\\culinary-recipes\\frontend\\app\\src\\store\\auth.store.ts","statementMap":{"0":{"start":{"line":19,"column":28},"end":{"line":61,"column":3}},"1":{"start":{"line":19,"column":56},"end":{"line":61,"column":1}},"2":{"start":{"line":26,"column":4},"end":{"line":31,"column":5}},"3":{"start":{"line":27,"column":19},"end":{"line":27,"column":41}},"4":{"start":{"line":28,"column":6},"end":{"line":28,"column":43}},"5":{"start":{"line":30,"column":6},"end":{"line":30,"column":49}},"6":{"start":{"line":35,"column":4},"end":{"line":35,"column":42}},"7":{"start":{"line":36,"column":4},"end":{"line":41,"column":5}},"8":{"start":{"line":37,"column":19},"end":{"line":37,"column":75}},"9":{"start":{"line":38,"column":6},"end":{"line":38,"column":38}},"10":{"start":{"line":40,"column":6},"end":{"line":40,"column":61}},"11":{"start":{"line":45,"column":4},"end":{"line":45,"column":42}},"12":{"start":{"line":46,"column":4},"end":{"line":51,"column":5}},"13":{"start":{"line":47,"column":6},"end":{"line":47,"column":80}},"14":{"start":{"line":48,"column":6},"end":{"line":48,"column":32}},"15":{"start":{"line":50,"column":6},"end":{"line":50,"column":61}},"16":{"start":{"line":55,"column":4},"end":{"line":55,"column":29}},"17":{"start":{"line":56,"column":4},"end":{"line":56,"column":54}},"18":{"start":{"line":56,"column":43},"end":{"line":56,"column":52}},"19":{"start":{"line":57,"column":4},"end":{"line":57,"column":42}},"20":{"start":{"line":60,"column":20},"end":{"line":60,"column":40}}},"fnMap":{"0":{"name":"(anonymous_0)","decl":{"start":{"line":19,"column":46},"end":{"line":19,"column":47}},"loc":{"start":{"line":19,"column":56},"end":{"line":61,"column":1}},"line":19},"1":{"name":"(anonymous_1)","decl":{"start":{"line":25,"column":14},"end":{"line":25,"column":15}},"loc":{"start":{"line":25,"column":26},"end":{"line":32,"column":3}},"line":25},"2":{"name":"(anonymous_2)","decl":{"start":{"line":34,"column":9},"end":{"line":34,"column":10}},"loc":{"start":{"line":34,"column":28},"end":{"line":42,"column":3}},"line":34},"3":{"name":"(anonymous_3)","decl":{"start":{"line":44,"column":12},"end":{"line":44,"column":13}},"loc":{"start":{"line":44,"column":31},"end":{"line":52,"column":3}},"line":44},"4":{"name":"(anonymous_4)","decl":{"start":{"line":54,"column":10},"end":{"line":54,"column":11}},"loc":{"start":{"line":54,"column":22},"end":{"line":58,"column":3}},"line":54},"5":{"name":"(anonymous_5)","decl":{"start":{"line":56,"column":37},"end":{"line":56,"column":38}},"loc":{"start":{"line":56,"column":43},"end":{"line":56,"column":52}},"line":56},"6":{"name":"(anonymous_6)","decl":{"start":{"line":60,"column":14},"end":{"line":60,"column":15}},"loc":{"start":{"line":60,"column":20},"end":{"line":60,"column":40}},"line":60}},"branchMap":{},"s":{"0":1,"1":1,"2":2,"3":2,"4":1,"5":1,"6":2,"7":2,"8":2,"9":1,"10":1,"11":2,"12":2,"13":2,"14":1,"15":1,"16":2,"17":2,"18":1,"19":2,"20":1},"f":{"0":1,"1":2,"2":2,"3":2,"4":2,"5":1,"6":1},"b":{},"_coverageSchema":"1a1c01bbd47fc00a2c39e90264f33305004495a9","hash":"e43734f167e6766a656a2aac0ca8e1f15e55d538"}
,"C:\\Users\\vilhe\\Documents\\GitHub\\culinary-recipes\\frontend\\app\\src\\store\\recipe.store.ts": {"path":"C:\\Users\\vilhe\\Documents\\GitHub\\culinary-recipes\\frontend\\app\\src\\store\\recipe.store.ts","statementMap":{"0":{"start":{"line":11,"column":17},"end":{"line":12,"column":81}},"1":{"start":{"line":12,"column":2},"end":{"line":12,"column":81}},"2":{"start":{"line":12,"column":37},"end":{"line":12,"column":60}},"3":{"start":{"line":35,"column":30},"end":{"line":143,"column":3}},"4":{"start":{"line":35,"column":65},"end":{"line":143,"column":1}},"5":{"start":{"line":47,"column":4},"end":{"line":47,"column":51}},"6":{"start":{"line":48,"column":4},"end":{"line":62,"column":5}},"7":{"start":{"line":49,"column":23},"end":{"line":52,"column":8}},"8":{"start":{"line":53,"column":6},"end":{"line":59,"column":9}},"9":{"start":{"line":61,"column":6},"end":{"line":61,"column":61}},"10":{"start":{"line":66,"column":60},"end":{"line":66,"column":65}},"11":{"start":{"line":67,"column":4},"end":{"line":67,"column":66}},"12":{"start":{"line":67,"column":59},"end":{"line":67,"column":66}},"13":{"start":{"line":68,"column":21},"end":{"line":68,"column":29}},"14":{"start":{"line":69,"column":4},"end":{"line":69,"column":34}},"15":{"start":{"line":70,"column":4},"end":{"line":87,"column":5}},"16":{"start":{"line":71,"column":23},"end":{"line":74,"column":8}},"17":{"start":{"line":75,"column":6},"end":{"line":84,"column":9}},"18":{"start":{"line":76,"column":28},"end":{"line":76,"column":67}},"19":{"start":{"line":76,"column":61},"end":{"line":76,"column":65}},"20":{"start":{"line":77,"column":25},"end":{"line":77,"column":74}},"21":{"start":{"line":77,"column":51},"end":{"line":77,"column":73}},"22":{"start":{"line":78,"column":8},"end":{"line":83,"column":10}},"23":{"start":{"line":86,"column":6},"end":{"line":86,"column":66}},"24":{"start":{"line":91,"column":4},"end":{"line":91,"column":63}},"25":{"start":{"line":92,"column":4},"end":{"line":97,"column":5}},"26":{"start":{"line":93,"column":21},"end":{"line":93,"column":52}},"27":{"start":{"line":94,"column":6},"end":{"line":94,"column":55}},"28":{"start":{"line":96,"column":6},"end":{"line":96,"column":61}},"29":{"start":{"line":101,"column":4},"end":{"line":101,"column":41}},"30":{"start":{"line":102,"column":4},"end":{"line":109,"column":5}},"31":{"start":{"line":103,"column":21},"end":{"line":103,"column":56}},"32":{"start":{"line":104,"column":6},"end":{"line":104,"column":73}},"33":{"start":{"line":104,"column":18},"end":{"line":104,"column":70}},"34":{"start":{"line":105,"column":6},"end":{"line":105,"column":20}},"35":{"start":{"line":107,"column":6},"end":{"line":107,"column":60}},"36":{"start":{"line":108,"column":6},"end":{"line":108,"column":18}},"37":{"start":{"line":113,"column":4},"end":{"line":113,"column":41}},"38":{"start":{"line":114,"column":4},"end":{"line":125,"column":5}},"39":{"start":{"line":115,"column":21},"end":{"line":115,"column":60}},"40":{"start":{"line":116,"column":6},"end":{"line":120,"column":10}},"41":{"start":{"line":116,"column":18},"end":{"line":120,"column":7}},"42":{"start":{"line":117,"column":39},"end":{"line":117,"column":63}},"43":{"start":{"line":121,"column":6},"end":{"line":121,"column":20}},"44":{"start":{"line":123,"column":6},"end":{"line":123,"column":60}},"45":{"start":{"line":124,"column":6},"end":{"line":124,"column":18}},"46":{"start":{"line":129,"column":4},"end":{"line":129,"column":41}},"47":{"start":{"line":130,"column":4},"end":{"line":138,"column":5}},"48":{"start":{"line":131,"column":6},"end":{"line":131,"column":37}},"49":{"start":{"line":132,"column":6},"end":{"line":135,"column":10}},"50":{"start":{"line":132,"column":18},"end":{"line":135,"column":7}},"51":{"start":{"line":133,"column":41},"end":{"line":133,"column":52}},"52":{"start":{"line":137,"column":6},"end":{"line":137,"column":60}},"53":{"start":{"line":141,"column":22},"end":{"line":141,"column":50}},"54":{"start":{"line":142,"column":20},"end":{"line":142,"column":40}}},"fnMap":{"0":{"name":"(anonymous_0)","decl":{"start":{"line":11,"column":17},"end":{"line":11,"column":18}},"loc":{"start":{"line":12,"column":2},"end":{"line":12,"column":81}},"line":12},"1":{"name":"(anonymous_1)","decl":{"start":{"line":12,"column":24},"end":{"line":12,"column":25}},"loc":{"start":{"line":12,"column":37},"end":{"line":12,"column":60}},"line":12},"2":{"name":"(anonymous_2)","decl":{"start":{"line":35,"column":50},"end":{"line":35,"column":51}},"loc":{"start":{"line":35,"column":65},"end":{"line":143,"column":1}},"line":35},"3":{"name":"(anonymous_3)","decl":{"start":{"line":46,"column":16},"end":{"line":46,"column":17}},"loc":{"start":{"line":46,"column":34},"end":{"line":63,"column":3}},"line":46},"4":{"name":"(anonymous_4)","decl":{"start":{"line":65,"column":17},"end":{"line":65,"column":18}},"loc":{"start":{"line":65,"column":29},"end":{"line":88,"column":3}},"line":65},"5":{"name":"(anonymous_5)","decl":{"start":{"line":75,"column":10},"end":{"line":75,"column":11}},"loc":{"start":{"line":75,"column":21},"end":{"line":84,"column":7}},"line":75},"6":{"name":"(anonymous_6)","decl":{"start":{"line":76,"column":54},"end":{"line":76,"column":55}},"loc":{"start":{"line":76,"column":61},"end":{"line":76,"column":65}},"line":76},"7":{"name":"(anonymous_7)","decl":{"start":{"line":77,"column":44},"end":{"line":77,"column":45}},"loc":{"start":{"line":77,"column":51},"end":{"line":77,"column":73}},"line":77},"8":{"name":"(anonymous_8)","decl":{"start":{"line":90,"column":13},"end":{"line":90,"column":14}},"loc":{"start":{"line":90,"column":27},"end":{"line":98,"column":3}},"line":90},"9":{"name":"(anonymous_9)","decl":{"start":{"line":100,"column":10},"end":{"line":100,"column":11}},"loc":{"start":{"line":100,"column":29},"end":{"line":110,"column":3}},"line":100},"10":{"name":"(anonymous_10)","decl":{"start":{"line":104,"column":10},"end":{"line":104,"column":11}},"loc":{"start":{"line":104,"column":18},"end":{"line":104,"column":70}},"line":104},"11":{"name":"(anonymous_11)","decl":{"start":{"line":112,"column":10},"end":{"line":112,"column":11}},"loc":{"start":{"line":112,"column":33},"end":{"line":126,"column":3}},"line":112},"12":{"name":"(anonymous_12)","decl":{"start":{"line":116,"column":10},"end":{"line":116,"column":11}},"loc":{"start":{"line":116,"column":18},"end":{"line":120,"column":7}},"line":116},"13":{"name":"(anonymous_13)","decl":{"start":{"line":117,"column":31},"end":{"line":117,"column":32}},"loc":{"start":{"line":117,"column":39},"end":{"line":117,"column":63}},"line":117},"14":{"name":"(anonymous_14)","decl":{"start":{"line":128,"column":10},"end":{"line":128,"column":11}},"loc":{"start":{"line":128,"column":24},"end":{"line":139,"column":3}},"line":128},"15":{"name":"(anonymous_15)","decl":{"start":{"line":132,"column":10},"end":{"line":132,"column":11}},"loc":{"start":{"line":132,"column":18},"end":{"line":135,"column":7}},"line":132},"16":{"name":"(anonymous_16)","decl":{"start":{"line":133,"column":34},"end":{"line":133,"column":35}},"loc":{"start":{"line":133,"column":41},"end":{"line":133,"column":52}},"line":133},"17":{"name":"(anonymous_17)","decl":{"start":{"line":141,"column":16},"end":{"line":141,"column":17}},"loc":{"start":{"line":141,"column":22},"end":{"line":141,"column":50}},"line":141},"18":{"name":"(anonymous_18)","decl":{"start":{"line":142,"column":14},"end":{"line":142,"column":15}},"loc":{"start":{"line":142,"column":20},"end":{"line":142,"column":40}},"line":142}},"branchMap":{"0":{"loc":{"start":{"line":12,"column":2},"end":{"line":12,"column":81}},"type":"cond-expr","locations":[{"start":{"line":12,"column":12},"end":{"line":12,"column":61}},{"start":{"line":12,"column":64},"end":{"line":12,"column":81}}],"line":12},"1":{"loc":{"start":{"line":67,"column":4},"end":{"line":67,"column":66}},"type":"if","locations":[{"start":{"line":67,"column":4},"end":{"line":67,"column":66}},{"start":{},"end":{}}],"line":67},"2":{"loc":{"start":{"line":67,"column":8},"end":{"line":67,"column":57}},"type":"binary-expr","locations":[{"start":{"line":67,"column":8},"end":{"line":67,"column":17}},{"start":{"line":67,"column":21},"end":{"line":67,"column":35}},{"start":{"line":67,"column":39},"end":{"line":67,"column":57}}],"line":67},"3":{"loc":{"start":{"line":117,"column":39},"end":{"line":117,"column":63}},"type":"cond-expr","locations":[{"start":{"line":117,"column":53},"end":{"line":117,"column":59}},{"start":{"line":117,"column":62},"end":{"line":117,"column":63}}],"line":117}},"s":{"0":1,"1":5,"2":0,"3":1,"4":1,"5":3,"6":3,"7":3,"8":2,"9":1,"10":4,"11":4,"12":2,"13":2,"14":2,"15":2,"16":2,"17":2,"18":2,"19":3,"20":2,"21":3,"22":2,"23":0,"24":2,"25":2,"26":2,"27":1,"28":1,"29":2,"30":2,"31":2,"32":1,"33":1,"34":1,"35":1,"36":1,"37":2,"38":2,"39":2,"40":1,"41":1,"42":2,"43":1,"44":1,"45":1,"46":2,"47":2,"48":2,"49":1,"50":1,"51":2,"52":1,"53":1,"54":1},"f":{"0":5,"1":0,"2":1,"3":3,"4":4,"5":2,"6":3,"7":3,"8":2,"9":2,"10":1,"11":2,"12":1,"13":2,"14":2,"15":1,"16":2,"17":1,"18":1},"b":{"0":[0,5],"1":[2,2],"2":[4,4,3],"3":[1,1]},"_coverageSchema":"1a1c01bbd47fc00a2c39e90264f33305004495a9","hash":"d4b56223c8268c391e364c7394dc1649db233b0d"}
,"C:\\Users\\vilhe\\Documents\\GitHub\\culinary-recipes\\frontend\\app\\src\\utils\\errors.ts": {"path":"C:\\Users\\vilhe\\Documents\\GitHub\\culinary-recipes\\frontend\\app\\src\\utils\\errors.ts","statementMap":{"0":{"start":{"line":2,"column":2},"end":{"line":2,"column":51}},"1":{"start":{"line":2,"column":30},"end":{"line":2,"column":51}},"2":{"start":{"line":3,"column":2},"end":{"line":3,"column":46}},"3":{"start":{"line":3,"column":33},"end":{"line":3,"column":46}},"4":{"start":{"line":4,"column":2},"end":{"line":4,"column":33}}},"fnMap":{"0":{"name":"getErrorMessage","decl":{"start":{"line":1,"column":16},"end":{"line":1,"column":31}},"loc":{"start":{"line":1,"column":56},"end":{"line":5,"column":1}},"line":1}},"branchMap":{"0":{"loc":{"start":{"line":2,"column":2},"end":{"line":2,"column":51}},"type":"if","locations":[{"start":{"line":2,"column":2},"end":{"line":2,"column":51}},{"start":{},"end":{}}],"line":2},"1":{"loc":{"start":{"line":3,"column":2},"end":{"line":3,"column":46}},"type":"if","locations":[{"start":{"line":3,"column":2},"end":{"line":3,"column":46}},{"start":{},"end":{}}],"line":3}},"s":{"0":13,"1":8,"2":5,"3":1,"4":4},"f":{"0":13},"b":{"0":[8,5],"1":[1,4]},"_coverageSchema":"1a1c01bbd47fc00a2c39e90264f33305004495a9","hash":"962690e91d21582f027b55a0b65bbca34d6af27c"}
,"C:\\Users\\vilhe\\Documents\\GitHub\\culinary-recipes\\frontend\\app\\src\\utils\\pendingPrefill.ts": {"path":"C:\\Users\\vilhe\\Documents\\GitHub\\culinary-recipes\\frontend\\app\\src\\utils\\pendingPrefill.ts","statementMap":{"0":{"start":{"line":6,"column":30},"end":{"line":6,"column":34}},"1":{"start":{"line":9,"column":2},"end":{"line":9,"column":32}},"2":{"start":{"line":13,"column":14},"end":{"line":13,"column":21}},"3":{"start":{"line":14,"column":2},"end":{"line":14,"column":17}},"4":{"start":{"line":15,"column":2},"end":{"line":15,"column":13}}},"fnMap":{"0":{"name":"setPendingPrefill","decl":{"start":{"line":8,"column":16},"end":{"line":8,"column":33}},"loc":{"start":{"line":8,"column":73},"end":{"line":10,"column":1}},"line":8},"1":{"name":"consumePendingPrefill","decl":{"start":{"line":12,"column":16},"end":{"line":12,"column":37}},"loc":{"start":{"line":12,"column":56},"end":{"line":16,"column":1}},"line":12}},"branchMap":{},"s":{"0":1,"1":4,"2":9,"3":9,"4":9},"f":{"0":4,"1":9},"b":{},"_coverageSchema":"1a1c01bbd47fc00a2c39e90264f33305004495a9","hash":"5d1666ed1b41d7bb9784b159fca91bdf9fe2fcf1"}
,"C:\\Users\\vilhe\\Documents\\GitHub\\culinary-recipes\\frontend\\app\\src\\utils\\validators.ts": {"path":"C:\\Users\\vilhe\\Documents\\GitHub\\culinary-recipes\\frontend\\app\\src\\utils\\validators.ts","statementMap":{"0":{"start":{"line":3,"column":27},"end":{"line":6,"column":2}},"1":{"start":{"line":8,"column":30},"end":{"line":12,"column":2}},"2":{"start":{"line":14,"column":28},"end":{"line":29,"column":2}},"3":{"start":{"line":22,"column":12},"end":{"line":22,"column":57}},"4":{"start":{"line":26,"column":12},"end":{"line":26,"column":57}}},"fnMap":{"0":{"name":"(anonymous_0)","decl":{"start":{"line":22,"column":4},"end":{"line":22,"column":5}},"loc":{"start":{"line":22,"column":12},"end":{"line":22,"column":57}},"line":22},"1":{"name":"(anonymous_1)","decl":{"start":{"line":26,"column":4},"end":{"line":26,"column":5}},"loc":{"start":{"line":26,"column":12},"end":{"line":26,"column":57}},"line":26}},"branchMap":{"0":{"loc":{"start":{"line":22,"column":12},"end":{"line":22,"column":57}},"type":"cond-expr","locations":[{"start":{"line":22,"column":36},"end":{"line":22,"column":45}},{"start":{"line":22,"column":48},"end":{"line":22,"column":57}}],"line":22},"1":{"loc":{"start":{"line":22,"column":12},"end":{"line":22,"column":33}},"type":"binary-expr","locations":[{"start":{"line":22,"column":12},"end":{"line":22,"column":20}},{"start":{"line":22,"column":24},"end":{"line":22,"column":33}}],"line":22},"2":{"loc":{"start":{"line":26,"column":12},"end":{"line":26,"column":57}},"type":"cond-expr","locations":[{"start":{"line":26,"column":36},"end":{"line":26,"column":45}},{"start":{"line":26,"column":48},"end":{"line":26,"column":57}}],"line":26},"3":{"loc":{"start":{"line":26,"column":12},"end":{"line":26,"column":33}},"type":"binary-expr","locations":[{"start":{"line":26,"column":12},"end":{"line":26,"column":20}},{"start":{"line":26,"column":24},"end":{"line":26,"column":33}}],"line":26}},"s":{"0":1,"1":1,"2":1,"3":5,"4":5},"f":{"0":5,"1":5},"b":{"0":[3,2],"1":[5,4],"2":[4,1],"3":[5,4]},"_coverageSchema":"1a1c01bbd47fc00a2c39e90264f33305004495a9","hash":"0a86ae9a76f7f20cfe0b4a07f854d9ef64b225e3"}
}
