TN:
SF:src\services\auth.service.ts
FN:16,hashPassword
FN:21,(anonymous_1)
FN:38,(anonymous_2)
FN:65,(anonymous_3)
FN:81,(anonymous_4)
FN:94,(anonymous_5)
FN:98,(anonymous_6)
FNF:7
FNH:7
FNDA:4,hashPassword
FNDA:3,(anonymous_1)
FNDA:2,(anonymous_2)
FNDA:3,(anonymous_3)
FNDA:3,(anonymous_4)
FNDA:1,(anonymous_5)
FNDA:1,(anonymous_6)
DA:7,1
DA:17,4
DA:20,1
DA:22,3
DA:24,3
DA:27,3
DA:29,2
DA:30,2
DA:31,2
DA:33,2
DA:38,2
DA:39,2
DA:40,40
DA:41,40
DA:62,2
DA:66,3
DA:68,3
DA:72,3
DA:74,2
DA:75,2
DA:77,1
DA:78,1
DA:82,3
DA:83,3
DA:85,2
DA:86,2
DA:89,2
DA:91,1
DA:95,1
DA:99,1
LF:30
LH:30
BRDA:27,0,0,1
BRDA:27,0,1,2
BRDA:35,1,0,2
BRDA:35,1,1,1
BRDA:49,2,0,40
BRDA:49,2,1,0
BRDA:50,3,0,40
BRDA:50,3,1,0
BRDA:51,4,0,40
BRDA:51,4,1,0
BRDA:52,5,0,40
BRDA:52,5,1,0
BRDA:54,6,0,40
BRDA:54,6,1,0
BRDA:62,7,0,2
BRDA:62,7,1,1
BRDA:72,8,0,1
BRDA:72,8,1,2
BRDA:75,9,0,1
BRDA:75,9,1,1
BRDA:83,10,0,1
BRDA:83,10,1,2
BRDA:89,11,0,1
BRDA:89,11,1,1
BRF:24
BRH:19
end_of_record
TN:
SF:src\services\recipe.service.ts
FN:25,mapToRecipe
FN:40,fetchRecipeById
FN:48,(anonymous_2)
FN:83,(anonymous_3)
FN:87,(anonymous_4)
FN:117,(anonymous_5)
FN:155,(anonymous_6)
FNF:7
FNH:7
FNDA:4,mapToRecipe
FNDA:4,fetchRecipeById
FNDA:4,(anonymous_2)
FNDA:2,(anonymous_3)
FNDA:2,(anonymous_4)
FNDA:1,(anonymous_5)
FNDA:1,(anonymous_6)
DA:26,4
DA:41,4
DA:42,4
DA:43,4
DA:44,3
DA:47,1
DA:49,4
DA:50,4
DA:52,3
DA:53,3
DA:54,3
DA:55,3
DA:57,3
DA:58,3
DA:60,3
DA:61,3
DA:63,3
DA:67,3
DA:69,3
DA:74,3
DA:84,2
DA:88,2
DA:89,2
DA:91,1
DA:92,1
DA:93,1
DA:95,1
DA:114,1
DA:118,1
DA:119,1
DA:121,1
DA:122,1
DA:124,1
DA:125,1
DA:126,1
DA:128,1
DA:129,0
DA:130,0
DA:132,1
DA:133,0
DA:134,0
DA:136,1
DA:137,0
DA:138,0
DA:140,1
DA:141,0
DA:142,0
DA:144,1
DA:145,0
DA:146,0
DA:149,1
DA:150,1
DA:152,1
DA:156,1
DA:157,1
LF:55
LH:45
BRDA:43,0,0,1
BRDA:43,0,1,3
BRDA:50,1,0,1
BRDA:50,1,1,3
BRDA:53,2,0,3
BRDA:53,2,1,1
BRDA:54,3,0,3
BRDA:54,3,1,1
BRDA:57,4,0,0
BRDA:57,4,1,3
BRDA:58,5,0,0
BRDA:58,5,1,3
BRDA:60,6,0,1
BRDA:60,6,1,2
BRDA:61,7,0,1
BRDA:61,7,1,2
BRDA:67,8,0,3
BRDA:67,8,1,0
BRDA:89,9,0,1
BRDA:89,9,1,1
BRDA:103,10,0,1
BRDA:103,10,1,0
BRDA:104,11,0,1
BRDA:104,11,1,0
BRDA:105,12,0,1
BRDA:105,12,1,1
BRDA:106,13,0,1
BRDA:106,13,1,1
BRDA:108,14,0,1
BRDA:108,14,1,1
BRDA:124,15,0,1
BRDA:124,15,1,0
BRDA:126,16,0,1
BRDA:126,16,1,0
BRDA:128,17,0,0
BRDA:128,17,1,1
BRDA:130,18,0,0
BRDA:130,18,1,0
BRDA:132,19,0,0
BRDA:132,19,1,1
BRDA:134,20,0,0
BRDA:134,20,1,0
BRDA:136,21,0,0
BRDA:136,21,1,1
BRDA:138,22,0,0
BRDA:138,22,1,0
BRDA:140,23,0,0
BRDA:140,23,1,1
BRDA:144,24,0,0
BRDA:144,24,1,1
BRDA:146,25,0,0
BRDA:146,25,1,0
BRF:52
BRH:32
end_of_record
TN:
SF:src\store\auth.store.ts
FN:19,(anonymous_0)
FN:25,(anonymous_1)
FN:34,(anonymous_2)
FN:44,(anonymous_3)
FN:54,(anonymous_4)
FN:56,(anonymous_5)
FN:60,(anonymous_6)
FNF:7
FNH:7
FNDA:1,(anonymous_0)
FNDA:2,(anonymous_1)
FNDA:2,(anonymous_2)
FNDA:2,(anonymous_3)
FNDA:2,(anonymous_4)
FNDA:1,(anonymous_5)
FNDA:1,(anonymous_6)
DA:19,1
DA:26,2
DA:27,2
DA:28,1
DA:30,1
DA:35,2
DA:36,2
DA:37,2
DA:38,1
DA:40,1
DA:45,2
DA:46,2
DA:47,2
DA:48,1
DA:50,1
DA:55,2
DA:56,2
DA:57,2
DA:60,1
LF:19
LH:19
BRF:0
BRH:0
end_of_record
TN:
SF:src\store\recipe.store.ts
FN:11,(anonymous_0)
FN:12,(anonymous_1)
FN:35,(anonymous_2)
FN:46,(anonymous_3)
FN:65,(anonymous_4)
FN:75,(anonymous_5)
FN:76,(anonymous_6)
FN:77,(anonymous_7)
FN:90,(anonymous_8)
FN:100,(anonymous_9)
FN:104,(anonymous_10)
FN:112,(anonymous_11)
FN:116,(anonymous_12)
FN:117,(anonymous_13)
FN:128,(anonymous_14)
FN:132,(anonymous_15)
FN:133,(anonymous_16)
FN:141,(anonymous_17)
FN:142,(anonymous_18)
FNF:19
FNH:18
FNDA:5,(anonymous_0)
FNDA:0,(anonymous_1)
FNDA:1,(anonymous_2)
FNDA:3,(anonymous_3)
FNDA:4,(anonymous_4)
FNDA:2,(anonymous_5)
FNDA:3,(anonymous_6)
FNDA:3,(anonymous_7)
FNDA:2,(anonymous_8)
FNDA:2,(anonymous_9)
FNDA:1,(anonymous_10)
FNDA:2,(anonymous_11)
FNDA:1,(anonymous_12)
FNDA:2,(anonymous_13)
FNDA:2,(anonymous_14)
FNDA:1,(anonymous_15)
FNDA:2,(anonymous_16)
FNDA:1,(anonymous_17)
FNDA:1,(anonymous_18)
DA:11,1
DA:12,5
DA:35,1
DA:47,3
DA:48,3
DA:49,3
DA:53,2
DA:61,1
DA:66,4
DA:67,4
DA:68,2
DA:69,2
DA:70,2
DA:71,2
DA:75,2
DA:76,3
DA:77,3
DA:78,2
DA:86,0
DA:91,2
DA:92,2
DA:93,2
DA:94,1
DA:96,1
DA:101,2
DA:102,2
DA:103,2
DA:104,1
DA:105,1
DA:107,1
DA:108,1
DA:113,2
DA:114,2
DA:115,2
DA:116,1
DA:117,2
DA:121,1
DA:123,1
DA:124,1
DA:129,2
DA:130,2
DA:131,2
DA:132,1
DA:133,2
DA:137,1
DA:141,1
DA:142,1
LF:47
LH:46
BRDA:12,0,0,0
BRDA:12,0,1,5
BRDA:67,1,0,2
BRDA:67,1,1,2
BRDA:67,2,0,4
BRDA:67,2,1,4
BRDA:67,2,2,3
BRDA:117,3,0,1
BRDA:117,3,1,1
BRF:9
BRH:8
end_of_record
TN:
SF:src\utils\errors.ts
FN:1,getErrorMessage
FNF:1
FNH:1
FNDA:13,getErrorMessage
DA:2,13
DA:3,5
DA:4,4
LF:3
LH:3
BRDA:2,0,0,8
BRDA:2,0,1,5
BRDA:3,1,0,1
BRDA:3,1,1,4
BRF:4
BRH:4
end_of_record
TN:
SF:src\utils\pendingPrefill.ts
FN:8,setPendingPrefill
FN:12,consumePendingPrefill
FNF:2
FNH:2
FNDA:4,setPendingPrefill
FNDA:9,consumePendingPrefill
DA:6,1
DA:9,4
DA:13,9
DA:14,9
DA:15,9
LF:5
LH:5
BRF:0
BRH:0
end_of_record
TN:
SF:src\utils\shareRecipePdf.ts
FN:6,formatDate
FN:14,buildRecipeHtml
FN:16,(anonymous_2)
FN:118,shareRecipePdf
FNF:4
FNH:4
FNDA:14,formatDate
FNDA:14,buildRecipeHtml
FNDA:25,(anonymous_2)
FNDA:14,shareRecipePdf
DA:7,14
DA:8,14
DA:10,0
DA:15,14
DA:16,25
DA:19,14
DA:119,14
DA:121,14
DA:123,13
DA:124,13
DA:125,1
DA:128,12
DA:130,12
DA:136,11
LF:14
LH:13
BRDA:15,0,0,13
BRDA:15,0,1,1
BRDA:16,1,0,13
BRDA:16,1,1,1
BRDA:25,2,0,14
BRDA:25,2,1,2
BRDA:84,3,0,14
BRDA:84,3,1,2
BRDA:93,4,0,13
BRDA:93,4,1,1
BRDA:97,5,0,13
BRDA:97,5,1,1
BRDA:105,6,0,13
BRDA:105,6,1,1
BRDA:124,7,0,1
BRDA:124,7,1,12
BRDA:128,8,0,12
BRDA:128,8,1,2
BRDA:132,9,0,12
BRDA:132,9,1,2
BRF:20
BRH:20
end_of_record
TN:
SF:src\utils\validators.ts
FN:22,(anonymous_0)
FN:26,(anonymous_1)
FNF:2
FNH:2
FNDA:5,(anonymous_0)
FNDA:5,(anonymous_1)
DA:3,1
DA:8,1
DA:14,1
DA:22,5
DA:26,5
LF:5
LH:5
BRDA:22,0,0,3
BRDA:22,0,1,2
BRDA:22,1,0,5
BRDA:22,1,1,4
BRDA:26,2,0,4
BRDA:26,2,1,1
BRDA:26,3,0,5
BRDA:26,3,1,4
BRF:8
BRH:8
end_of_record
